02/24/26 05:53:30 PM - INFO : Device product ID: 22, product name: XEM6310-LX150, USB speed: 2,
02/24/26 05:53:30 PM - INFO : USB 2.0 HighSpeed. USB block size set to 1 KB
02/24/26 05:53:30 PM - INFO : okaertool initialized as idle
02/24/26 05:53:32 PM - INFO : Board reset in mode: internal
02/24/26 05:53:32 PM - INFO : Configuring PDM2Spikes modules
02/24/26 05:53:32 PM - INFO : Left cochlea
02/24/26 05:53:32 PM - INFO : Configuring port_a with address 0x0 and value 0x5
02/24/26 05:53:32 PM - INFO : Configuring port_a with address 0x1 and value 0x6
02/24/26 05:53:32 PM - INFO : Configuring port_a with address 0x2 and value 0x734b
02/24/26 05:53:32 PM - INFO : Configuring port_a with address 0x3 and value 0x39c8
02/24/26 05:53:32 PM - INFO : Right cochlea
02/24/26 05:53:32 PM - INFO : Configuring port_a with address 0x4 and value 0x5
02/24/26 05:53:32 PM - INFO : Configuring port_a with address 0x5 and value 0x6
02/24/26 05:53:32 PM - INFO : Configuring port_a with address 0x6 and value 0x734b
02/24/26 05:53:32 PM - INFO : Configuring port_a with address 0x7 and value 0x39c8
02/24/26 05:53:32 PM - INFO : Configuring I2S2Spikes modules
02/24/26 05:53:32 PM - INFO : Configuring port_a with address 0x8 and value 0xf
02/24/26 05:53:32 PM - INFO : Configuring filters for Cascade NAS
02/24/26 05:53:32 PM - INFO : Left cochlea
02/24/26 05:53:32 PM - INFO : Configuring port_a with address 0x9 and value 0x4
02/24/26 05:53:32 PM - INFO : Configuring port_a with address 0xa and value 0x7cb1
02/24/26 05:53:32 PM - INFO : Configuring port_a with address 0xb and value 0x7cb1
02/24/26 05:53:32 PM - INFO : Configuring port_a with address 0xc and value 0x2025
02/24/26 05:53:32 PM - INFO : Configuring port_a with address 0xd and value 0x4
02/24/26 05:53:32 PM - INFO : Configuring port_a with address 0xe and value 0x6f93
02/24/26 05:53:32 PM - INFO : Configuring port_a with address 0xf and value 0x6f93
02/24/26 05:53:32 PM - INFO : Configuring port_a with address 0x10 and value 0x2025
02/24/26 05:53:32 PM - INFO : Configuring port_a with address 0x11 and value 0x2
02/24/26 05:53:32 PM - INFO : Configuring port_a with address 0x12 and value 0x77ce
02/24/26 05:53:32 PM - INFO : Configuring port_a with address 0x13 and value 0x77ce
02/24/26 05:53:32 PM - INFO : Configuring port_a with address 0x14 and value 0x2025
02/24/26 05:53:32 PM - INFO : Configuring port_a with address 0x15 and value 0x2
02/24/26 05:53:32 PM - INFO : Configuring port_a with address 0x16 and value 0x6b33
02/24/26 05:53:32 PM - INFO : Configuring port_a with address 0x17 and value 0x6b33
02/24/26 05:53:32 PM - INFO : Configuring port_a with address 0x18 and value 0x2025
02/24/26 05:53:32 PM - INFO : Configuring port_a with address 0x19 and value 0x3
02/24/26 05:53:32 PM - INFO : Configuring port_a with address 0x1a and value 0x7fe5
02/24/26 05:53:32 PM - INFO : Configuring port_a with address 0x1b and value 0x7fe5
02/24/26 05:53:32 PM - INFO : Configuring port_a with address 0x1c and value 0x2025
02/24/26 05:53:32 PM - INFO : Configuring port_a with address 0x1d and value 0x3
02/24/26 05:53:32 PM - INFO : Configuring port_a with address 0x1e and value 0x7271
02/24/26 05:53:32 PM - INFO : Configuring port_a with address 0x1f and value 0x7271
02/24/26 05:53:32 PM - INFO : Configuring port_a with address 0x20 and value 0x2025
02/24/26 05:53:32 PM - INFO : Configuring port_a with address 0x21 and value 0x3
02/24/26 05:53:32 PM - INFO : Configuring port_a with address 0x22 and value 0x6666
02/24/26 05:53:32 PM - INFO : Configuring port_a with address 0x23 and value 0x6666
02/24/26 05:53:32 PM - INFO : Configuring port_a with address 0x24 and value 0x2025
02/24/26 05:53:32 PM - INFO : Configuring port_a with address 0x25 and value 0x4
02/24/26 05:53:32 PM - INFO : Configuring port_a with address 0x26 and value 0x7289
02/24/26 05:53:32 PM - INFO : Configuring port_a with address 0x27 and value 0x7289
02/24/26 05:53:32 PM - INFO : Configuring port_a with address 0x28 and value 0x2025
02/24/26 05:53:32 PM - INFO : Configuring port_a with address 0x29 and value 0x2
02/24/26 05:53:32 PM - INFO : Configuring port_a with address 0x2a and value 0x7afb
02/24/26 05:53:32 PM - INFO : Configuring port_a with address 0x2b and value 0x7afb
02/24/26 05:53:32 PM - INFO : Configuring port_a with address 0x2c and value 0x2025
02/24/26 05:53:32 PM - INFO : Configuring port_a with address 0x2d and value 0x2
02/24/26 05:53:32 PM - INFO : Configuring port_a with address 0x2e and value 0x6e0b
02/24/26 05:53:32 PM - INFO : Configuring port_a with address 0x2f and value 0x6e0b
02/24/26 05:53:32 PM - INFO : Configuring port_a with address 0x30 and value 0x2025
02/24/26 05:53:32 PM - INFO : Configuring port_a with address 0x31 and value 0x2
02/24/26 05:53:32 PM - INFO : Configuring port_a with address 0x32 and value 0x6277
02/24/26 05:53:32 PM - INFO : Configuring port_a with address 0x33 and value 0x6277
02/24/26 05:53:32 PM - INFO : Configuring port_a with address 0x34 and value 0x2025
02/24/26 05:53:32 PM - INFO : Configuring port_a with address 0x35 and value 0x3
02/24/26 05:53:32 PM - INFO : Configuring port_a with address 0x36 and value 0x757a
02/24/26 05:53:32 PM - INFO : Configuring port_a with address 0x37 and value 0x757a
02/24/26 05:53:32 PM - INFO : Configuring port_a with address 0x38 and value 0x2025
02/24/26 05:53:32 PM - INFO : Configuring port_a with address 0x39 and value 0x3
02/24/26 05:53:32 PM - INFO : Configuring port_a with address 0x3a and value 0x691e
02/24/26 05:53:32 PM - INFO : Configuring port_a with address 0x3b and value 0x691e
02/24/26 05:53:32 PM - INFO : Configuring port_a with address 0x3c and value 0x2025
02/24/26 05:53:32 PM - INFO : Configuring port_a with address 0x3d and value 0x4
02/24/26 05:53:32 PM - INFO : Configuring port_a with address 0x3e and value 0x7593
02/24/26 05:53:32 PM - INFO : Configuring port_a with address 0x3f and value 0x7593
02/24/26 05:53:32 PM - INFO : Configuring port_a with address 0x40 and value 0x2025
02/24/26 05:53:32 PM - INFO : Configuring port_a with address 0x41 and value 0x2
02/24/26 05:53:32 PM - INFO : Configuring port_a with address 0x42 and value 0x7e3f
02/24/26 05:53:32 PM - INFO : Configuring port_a with address 0x43 and value 0x7e3f
02/24/26 05:53:32 PM - INFO : Configuring port_a with address 0x44 and value 0x2025
02/24/26 05:53:32 PM - INFO : Configuring port_a with address 0x45 and value 0x2
02/24/26 05:53:32 PM - INFO : Configuring port_a with address 0x46 and value 0x70f7
02/24/26 05:53:32 PM - INFO : Configuring port_a with address 0x47 and value 0x70f7
02/24/26 05:53:32 PM - INFO : Configuring port_a with address 0x48 and value 0x2025
02/24/26 05:53:32 PM - INFO : Configuring port_a with address 0x49 and value 0x2
02/24/26 05:53:32 PM - INFO : Configuring port_a with address 0x4a and value 0x6514
02/24/26 05:53:32 PM - INFO : Configuring port_a with address 0x4b and value 0x6514
02/24/26 05:53:32 PM - INFO : Configuring port_a with address 0x4c and value 0x2025
02/24/26 05:53:32 PM - INFO : Configuring port_a with address 0x4d and value 0x3
02/24/26 05:53:32 PM - INFO : Configuring port_a with address 0x4e and value 0x7898
02/24/26 05:53:32 PM - INFO : Configuring port_a with address 0x4f and value 0x7898
02/24/26 05:53:32 PM - INFO : Configuring port_a with address 0x50 and value 0x2025
02/24/26 05:53:32 PM - INFO : Configuring port_a with address 0x51 and value 0x3
02/24/26 05:53:32 PM - INFO : Configuring port_a with address 0x52 and value 0x6be8
02/24/26 05:53:32 PM - INFO : Configuring port_a with address 0x53 and value 0x6be8
02/24/26 05:53:32 PM - INFO : Configuring port_a with address 0x54 and value 0x2025
02/24/26 05:53:32 PM - INFO : Configuring port_a with address 0x55 and value 0x4
02/24/26 05:53:32 PM - INFO : Configuring port_a with address 0x56 and value 0x78b1
02/24/26 05:53:32 PM - INFO : Configuring port_a with address 0x57 and value 0x78b1
02/24/26 05:53:32 PM - INFO : Configuring port_a with address 0x58 and value 0x2025
02/24/26 05:53:32 PM - INFO : Configuring port_a with address 0x59 and value 0x4
02/24/26 05:53:32 PM - INFO : Configuring port_a with address 0x5a and value 0x6bff
02/24/26 05:53:32 PM - INFO : Configuring port_a with address 0x5b and value 0x6bff
02/24/26 05:53:32 PM - INFO : Configuring port_a with address 0x5c and value 0x2025
02/24/26 05:53:32 PM - INFO : Configuring port_a with address 0x5d and value 0x2
02/24/26 05:53:32 PM - INFO : Configuring port_a with address 0x5e and value 0x73f6
02/24/26 05:53:32 PM - INFO : Configuring port_a with address 0x5f and value 0x73f6
02/24/26 05:53:32 PM - INFO : Configuring port_a with address 0x60 and value 0x2025
02/24/26 05:53:32 PM - INFO : Configuring port_a with address 0x61 and value 0x2
02/24/26 05:53:32 PM - INFO : Configuring port_a with address 0x62 and value 0x67c3
02/24/26 05:53:32 PM - INFO : Configuring port_a with address 0x63 and value 0x67c3
02/24/26 05:53:32 PM - INFO : Configuring port_a with address 0x64 and value 0x2025
02/24/26 05:53:32 PM - INFO : Configuring port_a with address 0x65 and value 0x3
02/24/26 05:53:32 PM - INFO : Configuring port_a with address 0x66 and value 0x7bcb
02/24/26 05:53:32 PM - INFO : Configuring port_a with address 0x67 and value 0x7bcb
02/24/26 05:53:32 PM - INFO : Configuring port_a with address 0x68 and value 0x2025
02/24/26 05:53:32 PM - INFO : Configuring port_a with address 0x69 and value 0x3
02/24/26 05:53:32 PM - INFO : Configuring port_a with address 0x6a and value 0x6ec5
02/24/26 05:53:32 PM - INFO : Configuring port_a with address 0x6b and value 0x6ec5
02/24/26 05:53:32 PM - INFO : Configuring port_a with address 0x6c and value 0x2025
02/24/26 05:53:32 PM - INFO : Configuring port_a with address 0x6d and value 0x4
02/24/26 05:53:32 PM - INFO : Configuring port_a with address 0x6e and value 0x7be5
02/24/26 05:53:32 PM - INFO : Configuring port_a with address 0x6f and value 0x7be5
02/24/26 05:53:32 PM - INFO : Configuring port_a with address 0x70 and value 0x2025
02/24/26 05:53:32 PM - INFO : Configuring port_a with address 0x71 and value 0x4
02/24/26 05:53:32 PM - INFO : Configuring port_a with address 0x72 and value 0x6edc
02/24/26 05:53:32 PM - INFO : Configuring port_a with address 0x73 and value 0x6edc
02/24/26 05:53:32 PM - INFO : Configuring port_a with address 0x74 and value 0x2025
02/24/26 05:53:32 PM - INFO : Configuring port_a with address 0x75 and value 0x2
02/24/26 05:53:32 PM - INFO : Configuring port_a with address 0x76 and value 0x770a
02/24/26 05:53:32 PM - INFO : Configuring port_a with address 0x77 and value 0x770a
02/24/26 05:53:32 PM - INFO : Configuring port_a with address 0x78 and value 0x2025
02/24/26 05:53:32 PM - INFO : Configuring port_a with address 0x79 and value 0x2
02/24/26 05:53:32 PM - INFO : Configuring port_a with address 0x7a and value 0x6a84
02/24/26 05:53:32 PM - INFO : Configuring port_a with address 0x7b and value 0x6a84
02/24/26 05:53:32 PM - INFO : Configuring port_a with address 0x7c and value 0x2025
02/24/26 05:53:32 PM - INFO : Configuring port_a with address 0x7d and value 0x3
02/24/26 05:53:32 PM - INFO : Configuring port_a with address 0x7e and value 0x7f14
02/24/26 05:53:32 PM - INFO : Configuring port_a with address 0x7f and value 0x7f14
02/24/26 05:53:32 PM - INFO : Configuring port_a with address 0x80 and value 0x2025
02/24/26 05:53:32 PM - INFO : Configuring port_a with address 0x81 and value 0x3
02/24/26 05:53:32 PM - INFO : Configuring port_a with address 0x82 and value 0x71b5
02/24/26 05:53:32 PM - INFO : Configuring port_a with address 0x83 and value 0x71b5
02/24/26 05:53:32 PM - INFO : Configuring port_a with address 0x84 and value 0x2025
02/24/26 05:53:32 PM - INFO : Configuring port_a with address 0x85 and value 0x4
02/24/26 05:53:32 PM - INFO : Configuring port_a with address 0x86 and value 0x7f2f
02/24/26 05:53:32 PM - INFO : Configuring port_a with address 0x87 and value 0x7f2f
02/24/26 05:53:32 PM - INFO : Configuring port_a with address 0x88 and value 0x2025
02/24/26 05:53:32 PM - INFO : Configuring port_a with address 0x89 and value 0x4
02/24/26 05:53:32 PM - INFO : Configuring port_a with address 0x8a and value 0x71cd
02/24/26 05:53:32 PM - INFO : Configuring port_a with address 0x8b and value 0x71cd
02/24/26 05:53:32 PM - INFO : Configuring port_a with address 0x8c and value 0x2025
02/24/26 05:53:32 PM - INFO : Configuring port_a with address 0x8d and value 0x2
02/24/26 05:53:32 PM - INFO : Configuring port_a with address 0x8e and value 0x7a32
02/24/26 05:53:32 PM - INFO : Configuring port_a with address 0x8f and value 0x7a32
02/24/26 05:53:32 PM - INFO : Configuring port_a with address 0x90 and value 0x2025
02/24/26 05:53:32 PM - INFO : Configuring port_a with address 0x91 and value 0x2
02/24/26 05:53:32 PM - INFO : Configuring port_a with address 0x92 and value 0x6d57
02/24/26 05:53:32 PM - INFO : Configuring port_a with address 0x93 and value 0x6d57
02/24/26 05:53:32 PM - INFO : Configuring port_a with address 0x94 and value 0x2025
02/24/26 05:53:32 PM - INFO : Configuring port_a with address 0x95 and value 0x2
02/24/26 05:53:32 PM - INFO : Configuring port_a with address 0x96 and value 0x61d6
02/24/26 05:53:32 PM - INFO : Configuring port_a with address 0x97 and value 0x61d6
02/24/26 05:53:32 PM - INFO : Configuring port_a with address 0x98 and value 0x2025
02/24/26 05:53:32 PM - INFO : Configuring port_a with address 0x99 and value 0x3
02/24/26 05:53:32 PM - INFO : Configuring port_a with address 0x9a and value 0x74ba
02/24/26 05:53:32 PM - INFO : Configuring port_a with address 0x9b and value 0x74ba
02/24/26 05:53:32 PM - INFO : Configuring port_a with address 0x9c and value 0x2025
02/24/26 05:53:32 PM - INFO : Configuring port_a with address 0x9d and value 0x3
02/24/26 05:53:32 PM - INFO : Configuring port_a with address 0x9e and value 0x6872
02/24/26 05:53:32 PM - INFO : Configuring port_a with address 0x9f and value 0x6872
02/24/26 05:53:32 PM - INFO : Configuring port_a with address 0xa0 and value 0x2025
02/24/26 05:53:32 PM - INFO : Configuring port_a with address 0xa1 and value 0x4
02/24/26 05:53:32 PM - INFO : Configuring port_a with address 0xa2 and value 0x74d3
02/24/26 05:53:32 PM - INFO : Configuring port_a with address 0xa3 and value 0x74d3
02/24/26 05:53:32 PM - INFO : Configuring port_a with address 0xa4 and value 0x2025
02/24/26 05:53:32 PM - INFO : Configuring port_a with address 0xa5 and value 0x2
02/24/26 05:53:32 PM - INFO : Configuring port_a with address 0xa6 and value 0x7d70
02/24/26 05:53:32 PM - INFO : Configuring port_a with address 0xa7 and value 0x7d70
02/24/26 05:53:32 PM - INFO : Configuring port_a with address 0xa8 and value 0x2025
02/24/26 05:53:32 PM - INFO : Configuring port_a with address 0xa9 and value 0x2
02/24/26 05:53:32 PM - INFO : Configuring port_a with address 0xaa and value 0x703e
02/24/26 05:53:32 PM - INFO : Configuring port_a with address 0xab and value 0x703e
02/24/26 05:53:32 PM - INFO : Configuring port_a with address 0xac and value 0x2025
02/24/26 05:53:32 PM - INFO : Configuring port_a with address 0xad and value 0x2
02/24/26 05:53:32 PM - INFO : Configuring port_a with address 0xae and value 0x646f
02/24/26 05:53:32 PM - INFO : Configuring port_a with address 0xaf and value 0x646f
02/24/26 05:53:32 PM - INFO : Configuring port_a with address 0xb0 and value 0x2025
02/24/26 05:53:32 PM - INFO : Configuring port_a with address 0xb1 and value 0x3
02/24/26 05:53:32 PM - INFO : Configuring port_a with address 0xb2 and value 0x77d3
02/24/26 05:53:32 PM - INFO : Configuring port_a with address 0xb3 and value 0x77d3
02/24/26 05:53:32 PM - INFO : Configuring port_a with address 0xb4 and value 0x2025
02/24/26 05:53:32 PM - INFO : Configuring port_a with address 0xb5 and value 0x3
02/24/26 05:53:32 PM - INFO : Configuring port_a with address 0xb6 and value 0x6b38
02/24/26 05:53:32 PM - INFO : Configuring port_a with address 0xb7 and value 0x6b38
02/24/26 05:53:32 PM - INFO : Configuring port_a with address 0xb8 and value 0x2025
02/24/26 05:53:32 PM - INFO : Configuring port_a with address 0xb9 and value 0x4
02/24/26 05:53:32 PM - INFO : Configuring port_a with address 0xba and value 0x77ec
02/24/26 05:53:32 PM - INFO : Configuring port_a with address 0xbb and value 0x77ec
02/24/26 05:53:32 PM - INFO : Configuring port_a with address 0xbc and value 0x2025
02/24/26 05:53:32 PM - INFO : Configuring port_a with address 0xbd and value 0x4
02/24/26 05:53:32 PM - INFO : Configuring port_a with address 0xbe and value 0x6b4e
02/24/26 05:53:32 PM - INFO : Configuring port_a with address 0xbf and value 0x6b4e
02/24/26 05:53:32 PM - INFO : Configuring port_a with address 0xc0 and value 0x2025
02/24/26 05:53:32 PM - INFO : Configuring port_a with address 0xc1 and value 0x2
02/24/26 05:53:32 PM - INFO : Configuring port_a with address 0xc2 and value 0x7338
02/24/26 05:53:32 PM - INFO : Configuring port_a with address 0xc3 and value 0x7338
02/24/26 05:53:32 PM - INFO : Configuring port_a with address 0xc4 and value 0x2025
02/24/26 05:53:32 PM - INFO : Configuring port_a with address 0xc5 and value 0x2
02/24/26 05:53:32 PM - INFO : Configuring port_a with address 0xc6 and value 0x6719
02/24/26 05:53:32 PM - INFO : Configuring port_a with address 0xc7 and value 0x6719
02/24/26 05:53:32 PM - INFO : Configuring port_a with address 0xc8 and value 0x2025
02/24/26 05:53:32 PM - INFO : Configuring port_a with address 0xc9 and value 0x3
02/24/26 05:53:32 PM - INFO : Configuring port_a with address 0xca and value 0x7b01
02/24/26 05:53:32 PM - INFO : Configuring port_a with address 0xcb and value 0x7b01
02/24/26 05:53:32 PM - INFO : Configuring port_a with address 0xcc and value 0x2025
02/24/26 05:53:32 PM - INFO : Configuring port_a with address 0xcd and value 0x3
02/24/26 05:53:32 PM - INFO : Configuring port_a with address 0xce and value 0x6e10
02/24/26 05:53:32 PM - INFO : Configuring port_a with address 0xcf and value 0x6e10
02/24/26 05:53:32 PM - INFO : Configuring port_a with address 0xd0 and value 0x2025
02/24/26 05:53:32 PM - INFO : Configuring port_a with address 0xd1 and value 0x4
02/24/26 05:53:32 PM - INFO : Configuring port_a with address 0xd2 and value 0x7b1b
02/24/26 05:53:32 PM - INFO : Configuring port_a with address 0xd3 and value 0x7b1b
02/24/26 05:53:32 PM - INFO : Configuring port_a with address 0xd4 and value 0x2025
02/24/26 05:53:32 PM - INFO : Configuring port_a with address 0xd5 and value 0x4
02/24/26 05:53:32 PM - INFO : Configuring port_a with address 0xd6 and value 0x6e27
02/24/26 05:53:32 PM - INFO : Configuring port_a with address 0xd7 and value 0x6e27
02/24/26 05:53:32 PM - INFO : Configuring port_a with address 0xd8 and value 0x2025
02/24/26 05:53:32 PM - INFO : Configuring port_a with address 0xd9 and value 0x2
02/24/26 05:53:32 PM - INFO : Configuring port_a with address 0xda and value 0x7647
02/24/26 05:53:32 PM - INFO : Configuring port_a with address 0xdb and value 0x7647
02/24/26 05:53:32 PM - INFO : Configuring port_a with address 0xdc and value 0x2025
02/24/26 05:53:32 PM - INFO : Configuring port_a with address 0xdd and value 0x2
02/24/26 05:53:32 PM - INFO : Configuring port_a with address 0xde and value 0x69d5
02/24/26 05:53:32 PM - INFO : Configuring port_a with address 0xdf and value 0x69d5
02/24/26 05:53:32 PM - INFO : Configuring port_a with address 0xe0 and value 0x2025
02/24/26 05:53:32 PM - INFO : Configuring port_a with address 0xe1 and value 0x3
02/24/26 05:53:32 PM - INFO : Configuring port_a with address 0xe2 and value 0x7e44
02/24/26 05:53:32 PM - INFO : Configuring port_a with address 0xe3 and value 0x7e44
02/24/26 05:53:32 PM - INFO : Configuring port_a with address 0xe4 and value 0x2025
02/24/26 05:53:32 PM - INFO : Configuring port_a with address 0xe5 and value 0x3
02/24/26 05:53:32 PM - INFO : Configuring port_a with address 0xe6 and value 0x70fc
02/24/26 05:53:32 PM - INFO : Configuring port_a with address 0xe7 and value 0x70fc
02/24/26 05:53:32 PM - INFO : Configuring port_a with address 0xe8 and value 0x2025
02/24/26 05:53:32 PM - INFO : Configuring port_a with address 0xe9 and value 0x4
02/24/26 05:53:32 PM - INFO : Configuring port_a with address 0xea and value 0x7e5f
02/24/26 05:53:32 PM - INFO : Configuring port_a with address 0xeb and value 0x7e5f
02/24/26 05:53:32 PM - INFO : Configuring port_a with address 0xec and value 0x2025
02/24/26 05:53:32 PM - INFO : Configuring port_a with address 0xed and value 0x4
02/24/26 05:53:32 PM - INFO : Configuring port_a with address 0xee and value 0x7113
02/24/26 05:53:32 PM - INFO : Configuring port_a with address 0xef and value 0x7113
02/24/26 05:53:32 PM - INFO : Configuring port_a with address 0xf0 and value 0x2025
02/24/26 05:53:32 PM - INFO : Configuring port_a with address 0xf1 and value 0x2
02/24/26 05:53:32 PM - INFO : Configuring port_a with address 0xf2 and value 0x796b
02/24/26 05:53:32 PM - INFO : Configuring port_a with address 0xf3 and value 0x796b
02/24/26 05:53:32 PM - INFO : Configuring port_a with address 0xf4 and value 0x2025
02/24/26 05:53:32 PM - INFO : Configuring port_a with address 0xf5 and value 0x2
02/24/26 05:53:32 PM - INFO : Configuring port_a with address 0xf6 and value 0x6ca4
02/24/26 05:53:32 PM - INFO : Configuring port_a with address 0xf7 and value 0x6ca4
02/24/26 05:53:32 PM - INFO : Configuring port_a with address 0xf8 and value 0x2025
02/24/26 05:53:32 PM - INFO : Configuring port_a with address 0xf9 and value 0x2
02/24/26 05:53:32 PM - INFO : Configuring port_a with address 0xfa and value 0x6136
02/24/26 05:53:32 PM - INFO : Configuring port_a with address 0xfb and value 0x6136
02/24/26 05:53:32 PM - INFO : Configuring port_a with address 0xfc and value 0x2025
02/24/26 05:53:32 PM - INFO : Configuring port_a with address 0xfd and value 0x3
02/24/26 05:53:32 PM - INFO : Configuring port_a with address 0xfe and value 0x73fb
02/24/26 05:53:32 PM - INFO : Configuring port_a with address 0xff and value 0x73fb
02/24/26 05:53:32 PM - INFO : Configuring port_a with address 0x100 and value 0x2025
02/24/26 05:53:32 PM - INFO : Configuring port_a with address 0x101 and value 0x3
02/24/26 05:53:32 PM - INFO : Configuring port_a with address 0x102 and value 0x67c7
02/24/26 05:53:32 PM - INFO : Configuring port_a with address 0x103 and value 0x67c7
02/24/26 05:53:32 PM - INFO : Configuring port_a with address 0x104 and value 0x2025
02/24/26 05:53:32 PM - INFO : Configuring port_a with address 0x105 and value 0x4
02/24/26 05:53:32 PM - INFO : Configuring port_a with address 0x106 and value 0x7414
02/24/26 05:53:32 PM - INFO : Configuring port_a with address 0x107 and value 0x7414
02/24/26 05:53:32 PM - INFO : Configuring port_a with address 0x108 and value 0x2025
02/24/26 05:53:32 PM - INFO : Configuring port_a with address 0x109 and value 0x2
02/24/26 05:53:32 PM - INFO : Configuring port_a with address 0x10a and value 0x7ca3
02/24/26 05:53:32 PM - INFO : Configuring port_a with address 0x10b and value 0x7ca3
02/24/26 05:53:32 PM - INFO : Configuring port_a with address 0x10c and value 0x2025
02/24/26 05:53:32 PM - INFO : Right cochlea
02/24/26 05:53:32 PM - INFO : Configuring port_a with address 0x10d and value 0x4
02/24/26 05:53:32 PM - INFO : Configuring port_a with address 0x10e and value 0x7cb1
02/24/26 05:53:32 PM - INFO : Configuring port_a with address 0x10f and value 0x7cb1
02/24/26 05:53:32 PM - INFO : Configuring port_a with address 0x110 and value 0x2025
02/24/26 05:53:32 PM - INFO : Configuring port_a with address 0x111 and value 0x4
02/24/26 05:53:32 PM - INFO : Configuring port_a with address 0x112 and value 0x6f93
02/24/26 05:53:32 PM - INFO : Configuring port_a with address 0x113 and value 0x6f93
02/24/26 05:53:32 PM - INFO : Configuring port_a with address 0x114 and value 0x2025
02/24/26 05:53:32 PM - INFO : Configuring port_a with address 0x115 and value 0x2
02/24/26 05:53:32 PM - INFO : Configuring port_a with address 0x116 and value 0x77ce
02/24/26 05:53:32 PM - INFO : Configuring port_a with address 0x117 and value 0x77ce
02/24/26 05:53:32 PM - INFO : Configuring port_a with address 0x118 and value 0x2025
02/24/26 05:53:32 PM - INFO : Configuring port_a with address 0x119 and value 0x2
02/24/26 05:53:32 PM - INFO : Configuring port_a with address 0x11a and value 0x6b33
02/24/26 05:53:32 PM - INFO : Configuring port_a with address 0x11b and value 0x6b33
02/24/26 05:53:32 PM - INFO : Configuring port_a with address 0x11c and value 0x2025
02/24/26 05:53:32 PM - INFO : Configuring port_a with address 0x11d and value 0x3
02/24/26 05:53:32 PM - INFO : Configuring port_a with address 0x11e and value 0x7fe5
02/24/26 05:53:32 PM - INFO : Configuring port_a with address 0x11f and value 0x7fe5
02/24/26 05:53:32 PM - INFO : Configuring port_a with address 0x120 and value 0x2025
02/24/26 05:53:32 PM - INFO : Configuring port_a with address 0x121 and value 0x3
02/24/26 05:53:32 PM - INFO : Configuring port_a with address 0x122 and value 0x7271
02/24/26 05:53:32 PM - INFO : Configuring port_a with address 0x123 and value 0x7271
02/24/26 05:53:32 PM - INFO : Configuring port_a with address 0x124 and value 0x2025
02/24/26 05:53:32 PM - INFO : Configuring port_a with address 0x125 and value 0x3
02/24/26 05:53:32 PM - INFO : Configuring port_a with address 0x126 and value 0x6666
02/24/26 05:53:32 PM - INFO : Configuring port_a with address 0x127 and value 0x6666
02/24/26 05:53:32 PM - INFO : Configuring port_a with address 0x128 and value 0x2025
02/24/26 05:53:32 PM - INFO : Configuring port_a with address 0x129 and value 0x4
02/24/26 05:53:32 PM - INFO : Configuring port_a with address 0x12a and value 0x7289
02/24/26 05:53:32 PM - INFO : Configuring port_a with address 0x12b and value 0x7289
02/24/26 05:53:32 PM - INFO : Configuring port_a with address 0x12c and value 0x2025
02/24/26 05:53:32 PM - INFO : Configuring port_a with address 0x12d and value 0x2
02/24/26 05:53:32 PM - INFO : Configuring port_a with address 0x12e and value 0x7afb
02/24/26 05:53:32 PM - INFO : Configuring port_a with address 0x12f and value 0x7afb
02/24/26 05:53:32 PM - INFO : Configuring port_a with address 0x130 and value 0x2025
02/24/26 05:53:32 PM - INFO : Configuring port_a with address 0x131 and value 0x2
02/24/26 05:53:32 PM - INFO : Configuring port_a with address 0x132 and value 0x6e0b
02/24/26 05:53:32 PM - INFO : Configuring port_a with address 0x133 and value 0x6e0b
02/24/26 05:53:32 PM - INFO : Configuring port_a with address 0x134 and value 0x2025
02/24/26 05:53:32 PM - INFO : Configuring port_a with address 0x135 and value 0x2
02/24/26 05:53:32 PM - INFO : Configuring port_a with address 0x136 and value 0x6277
02/24/26 05:53:32 PM - INFO : Configuring port_a with address 0x137 and value 0x6277
02/24/26 05:53:32 PM - INFO : Configuring port_a with address 0x138 and value 0x2025
02/24/26 05:53:32 PM - INFO : Configuring port_a with address 0x139 and value 0x3
02/24/26 05:53:32 PM - INFO : Configuring port_a with address 0x13a and value 0x757a
02/24/26 05:53:32 PM - INFO : Configuring port_a with address 0x13b and value 0x757a
02/24/26 05:53:32 PM - INFO : Configuring port_a with address 0x13c and value 0x2025
02/24/26 05:53:32 PM - INFO : Configuring port_a with address 0x13d and value 0x3
02/24/26 05:53:32 PM - INFO : Configuring port_a with address 0x13e and value 0x691e
02/24/26 05:53:32 PM - INFO : Configuring port_a with address 0x13f and value 0x691e
02/24/26 05:53:32 PM - INFO : Configuring port_a with address 0x140 and value 0x2025
02/24/26 05:53:32 PM - INFO : Configuring port_a with address 0x141 and value 0x4
02/24/26 05:53:32 PM - INFO : Configuring port_a with address 0x142 and value 0x7593
02/24/26 05:53:32 PM - INFO : Configuring port_a with address 0x143 and value 0x7593
02/24/26 05:53:32 PM - INFO : Configuring port_a with address 0x144 and value 0x2025
02/24/26 05:53:32 PM - INFO : Configuring port_a with address 0x145 and value 0x2
02/24/26 05:53:32 PM - INFO : Configuring port_a with address 0x146 and value 0x7e3f
02/24/26 05:53:32 PM - INFO : Configuring port_a with address 0x147 and value 0x7e3f
02/24/26 05:53:32 PM - INFO : Configuring port_a with address 0x148 and value 0x2025
02/24/26 05:53:32 PM - INFO : Configuring port_a with address 0x149 and value 0x2
02/24/26 05:53:32 PM - INFO : Configuring port_a with address 0x14a and value 0x70f7
02/24/26 05:53:32 PM - INFO : Configuring port_a with address 0x14b and value 0x70f7
02/24/26 05:53:32 PM - INFO : Configuring port_a with address 0x14c and value 0x2025
02/24/26 05:53:32 PM - INFO : Configuring port_a with address 0x14d and value 0x2
02/24/26 05:53:32 PM - INFO : Configuring port_a with address 0x14e and value 0x6514
02/24/26 05:53:32 PM - INFO : Configuring port_a with address 0x14f and value 0x6514
02/24/26 05:53:32 PM - INFO : Configuring port_a with address 0x150 and value 0x2025
02/24/26 05:53:32 PM - INFO : Configuring port_a with address 0x151 and value 0x3
02/24/26 05:53:32 PM - INFO : Configuring port_a with address 0x152 and value 0x7898
02/24/26 05:53:32 PM - INFO : Configuring port_a with address 0x153 and value 0x7898
02/24/26 05:53:32 PM - INFO : Configuring port_a with address 0x154 and value 0x2025
02/24/26 05:53:32 PM - INFO : Configuring port_a with address 0x155 and value 0x3
02/24/26 05:53:32 PM - INFO : Configuring port_a with address 0x156 and value 0x6be8
02/24/26 05:53:32 PM - INFO : Configuring port_a with address 0x157 and value 0x6be8
02/24/26 05:53:32 PM - INFO : Configuring port_a with address 0x158 and value 0x2025
02/24/26 05:53:32 PM - INFO : Configuring port_a with address 0x159 and value 0x4
02/24/26 05:53:32 PM - INFO : Configuring port_a with address 0x15a and value 0x78b1
02/24/26 05:53:32 PM - INFO : Configuring port_a with address 0x15b and value 0x78b1
02/24/26 05:53:32 PM - INFO : Configuring port_a with address 0x15c and value 0x2025
02/24/26 05:53:32 PM - INFO : Configuring port_a with address 0x15d and value 0x4
02/24/26 05:53:32 PM - INFO : Configuring port_a with address 0x15e and value 0x6bff
02/24/26 05:53:32 PM - INFO : Configuring port_a with address 0x15f and value 0x6bff
02/24/26 05:53:32 PM - INFO : Configuring port_a with address 0x160 and value 0x2025
02/24/26 05:53:32 PM - INFO : Configuring port_a with address 0x161 and value 0x2
02/24/26 05:53:32 PM - INFO : Configuring port_a with address 0x162 and value 0x73f6
02/24/26 05:53:32 PM - INFO : Configuring port_a with address 0x163 and value 0x73f6
02/24/26 05:53:32 PM - INFO : Configuring port_a with address 0x164 and value 0x2025
02/24/26 05:53:32 PM - INFO : Configuring port_a with address 0x165 and value 0x2
02/24/26 05:53:32 PM - INFO : Configuring port_a with address 0x166 and value 0x67c3
02/24/26 05:53:32 PM - INFO : Configuring port_a with address 0x167 and value 0x67c3
02/24/26 05:53:32 PM - INFO : Configuring port_a with address 0x168 and value 0x2025
02/24/26 05:53:32 PM - INFO : Configuring port_a with address 0x169 and value 0x3
02/24/26 05:53:32 PM - INFO : Configuring port_a with address 0x16a and value 0x7bcb
02/24/26 05:53:32 PM - INFO : Configuring port_a with address 0x16b and value 0x7bcb
02/24/26 05:53:32 PM - INFO : Configuring port_a with address 0x16c and value 0x2025
02/24/26 05:53:32 PM - INFO : Configuring port_a with address 0x16d and value 0x3
02/24/26 05:53:32 PM - INFO : Configuring port_a with address 0x16e and value 0x6ec5
02/24/26 05:53:32 PM - INFO : Configuring port_a with address 0x16f and value 0x6ec5
02/24/26 05:53:32 PM - INFO : Configuring port_a with address 0x170 and value 0x2025
02/24/26 05:53:32 PM - INFO : Configuring port_a with address 0x171 and value 0x4
02/24/26 05:53:32 PM - INFO : Configuring port_a with address 0x172 and value 0x7be5
02/24/26 05:53:32 PM - INFO : Configuring port_a with address 0x173 and value 0x7be5
02/24/26 05:53:32 PM - INFO : Configuring port_a with address 0x174 and value 0x2025
02/24/26 05:53:32 PM - INFO : Configuring port_a with address 0x175 and value 0x4
02/24/26 05:53:32 PM - INFO : Configuring port_a with address 0x176 and value 0x6edc
02/24/26 05:53:32 PM - INFO : Configuring port_a with address 0x177 and value 0x6edc
02/24/26 05:53:32 PM - INFO : Configuring port_a with address 0x178 and value 0x2025
02/24/26 05:53:32 PM - INFO : Configuring port_a with address 0x179 and value 0x2
02/24/26 05:53:32 PM - INFO : Configuring port_a with address 0x17a and value 0x770a
02/24/26 05:53:32 PM - INFO : Configuring port_a with address 0x17b and value 0x770a
02/24/26 05:53:32 PM - INFO : Configuring port_a with address 0x17c and value 0x2025
02/24/26 05:53:32 PM - INFO : Configuring port_a with address 0x17d and value 0x2
02/24/26 05:53:32 PM - INFO : Configuring port_a with address 0x17e and value 0x6a84
02/24/26 05:53:32 PM - INFO : Configuring port_a with address 0x17f and value 0x6a84
02/24/26 05:53:32 PM - INFO : Configuring port_a with address 0x180 and value 0x2025
02/24/26 05:53:32 PM - INFO : Configuring port_a with address 0x181 and value 0x3
02/24/26 05:53:32 PM - INFO : Configuring port_a with address 0x182 and value 0x7f14
02/24/26 05:53:32 PM - INFO : Configuring port_a with address 0x183 and value 0x7f14
02/24/26 05:53:32 PM - INFO : Configuring port_a with address 0x184 and value 0x2025
02/24/26 05:53:32 PM - INFO : Configuring port_a with address 0x185 and value 0x3
02/24/26 05:53:32 PM - INFO : Configuring port_a with address 0x186 and value 0x71b5
02/24/26 05:53:32 PM - INFO : Configuring port_a with address 0x187 and value 0x71b5
02/24/26 05:53:32 PM - INFO : Configuring port_a with address 0x188 and value 0x2025
02/24/26 05:53:32 PM - INFO : Configuring port_a with address 0x189 and value 0x4
02/24/26 05:53:32 PM - INFO : Configuring port_a with address 0x18a and value 0x7f2f
02/24/26 05:53:32 PM - INFO : Configuring port_a with address 0x18b and value 0x7f2f
02/24/26 05:53:32 PM - INFO : Configuring port_a with address 0x18c and value 0x2025
02/24/26 05:53:32 PM - INFO : Configuring port_a with address 0x18d and value 0x4
02/24/26 05:53:32 PM - INFO : Configuring port_a with address 0x18e and value 0x71cd
02/24/26 05:53:32 PM - INFO : Configuring port_a with address 0x18f and value 0x71cd
02/24/26 05:53:32 PM - INFO : Configuring port_a with address 0x190 and value 0x2025
02/24/26 05:53:32 PM - INFO : Configuring port_a with address 0x191 and value 0x2
02/24/26 05:53:32 PM - INFO : Configuring port_a with address 0x192 and value 0x7a32
02/24/26 05:53:32 PM - INFO : Configuring port_a with address 0x193 and value 0x7a32
02/24/26 05:53:32 PM - INFO : Configuring port_a with address 0x194 and value 0x2025
02/24/26 05:53:32 PM - INFO : Configuring port_a with address 0x195 and value 0x2
02/24/26 05:53:32 PM - INFO : Configuring port_a with address 0x196 and value 0x6d57
02/24/26 05:53:32 PM - INFO : Configuring port_a with address 0x197 and value 0x6d57
02/24/26 05:53:32 PM - INFO : Configuring port_a with address 0x198 and value 0x2025
02/24/26 05:53:32 PM - INFO : Configuring port_a with address 0x199 and value 0x2
02/24/26 05:53:32 PM - INFO : Configuring port_a with address 0x19a and value 0x61d6
02/24/26 05:53:32 PM - INFO : Configuring port_a with address 0x19b and value 0x61d6
02/24/26 05:53:32 PM - INFO : Configuring port_a with address 0x19c and value 0x2025
02/24/26 05:53:32 PM - INFO : Configuring port_a with address 0x19d and value 0x3
02/24/26 05:53:32 PM - INFO : Configuring port_a with address 0x19e and value 0x74ba
02/24/26 05:53:32 PM - INFO : Configuring port_a with address 0x19f and value 0x74ba
02/24/26 05:53:32 PM - INFO : Configuring port_a with address 0x1a0 and value 0x2025
02/24/26 05:53:32 PM - INFO : Configuring port_a with address 0x1a1 and value 0x3
02/24/26 05:53:32 PM - INFO : Configuring port_a with address 0x1a2 and value 0x6872
02/24/26 05:53:32 PM - INFO : Configuring port_a with address 0x1a3 and value 0x6872
02/24/26 05:53:32 PM - INFO : Configuring port_a with address 0x1a4 and value 0x2025
02/24/26 05:53:32 PM - INFO : Configuring port_a with address 0x1a5 and value 0x4
02/24/26 05:53:32 PM - INFO : Configuring port_a with address 0x1a6 and value 0x74d3
02/24/26 05:53:32 PM - INFO : Configuring port_a with address 0x1a7 and value 0x74d3
02/24/26 05:53:32 PM - INFO : Configuring port_a with address 0x1a8 and value 0x2025
02/24/26 05:53:32 PM - INFO : Configuring port_a with address 0x1a9 and value 0x2
02/24/26 05:53:32 PM - INFO : Configuring port_a with address 0x1aa and value 0x7d70
02/24/26 05:53:32 PM - INFO : Configuring port_a with address 0x1ab and value 0x7d70
02/24/26 05:53:32 PM - INFO : Configuring port_a with address 0x1ac and value 0x2025
02/24/26 05:53:32 PM - INFO : Configuring port_a with address 0x1ad and value 0x2
02/24/26 05:53:32 PM - INFO : Configuring port_a with address 0x1ae and value 0x703e
02/24/26 05:53:32 PM - INFO : Configuring port_a with address 0x1af and value 0x703e
02/24/26 05:53:32 PM - INFO : Configuring port_a with address 0x1b0 and value 0x2025
02/24/26 05:53:32 PM - INFO : Configuring port_a with address 0x1b1 and value 0x2
02/24/26 05:53:32 PM - INFO : Configuring port_a with address 0x1b2 and value 0x646f
02/24/26 05:53:32 PM - INFO : Configuring port_a with address 0x1b3 and value 0x646f
02/24/26 05:53:32 PM - INFO : Configuring port_a with address 0x1b4 and value 0x2025
02/24/26 05:53:32 PM - INFO : Configuring port_a with address 0x1b5 and value 0x3
02/24/26 05:53:32 PM - INFO : Configuring port_a with address 0x1b6 and value 0x77d3
02/24/26 05:53:32 PM - INFO : Configuring port_a with address 0x1b7 and value 0x77d3
02/24/26 05:53:32 PM - INFO : Configuring port_a with address 0x1b8 and value 0x2025
02/24/26 05:53:32 PM - INFO : Configuring port_a with address 0x1b9 and value 0x3
02/24/26 05:53:32 PM - INFO : Configuring port_a with address 0x1ba and value 0x6b38
02/24/26 05:53:32 PM - INFO : Configuring port_a with address 0x1bb and value 0x6b38
02/24/26 05:53:32 PM - INFO : Configuring port_a with address 0x1bc and value 0x2025
02/24/26 05:53:32 PM - INFO : Configuring port_a with address 0x1bd and value 0x4
02/24/26 05:53:32 PM - INFO : Configuring port_a with address 0x1be and value 0x77ec
02/24/26 05:53:32 PM - INFO : Configuring port_a with address 0x1bf and value 0x77ec
02/24/26 05:53:32 PM - INFO : Configuring port_a with address 0x1c0 and value 0x2025
02/24/26 05:53:32 PM - INFO : Configuring port_a with address 0x1c1 and value 0x4
02/24/26 05:53:33 PM - INFO : Configuring port_a with address 0x1c2 and value 0x6b4e
02/24/26 05:53:33 PM - INFO : Configuring port_a with address 0x1c3 and value 0x6b4e
02/24/26 05:53:33 PM - INFO : Configuring port_a with address 0x1c4 and value 0x2025
02/24/26 05:53:33 PM - INFO : Configuring port_a with address 0x1c5 and value 0x2
02/24/26 05:53:33 PM - INFO : Configuring port_a with address 0x1c6 and value 0x7338
02/24/26 05:53:33 PM - INFO : Configuring port_a with address 0x1c7 and value 0x7338
02/24/26 05:53:33 PM - INFO : Configuring port_a with address 0x1c8 and value 0x2025
02/24/26 05:53:33 PM - INFO : Configuring port_a with address 0x1c9 and value 0x2
02/24/26 05:53:33 PM - INFO : Configuring port_a with address 0x1ca and value 0x6719
02/24/26 05:53:33 PM - INFO : Configuring port_a with address 0x1cb and value 0x6719
02/24/26 05:53:33 PM - INFO : Configuring port_a with address 0x1cc and value 0x2025
02/24/26 05:53:33 PM - INFO : Configuring port_a with address 0x1cd and value 0x3
02/24/26 05:53:33 PM - INFO : Configuring port_a with address 0x1ce and value 0x7b01
02/24/26 05:53:33 PM - INFO : Configuring port_a with address 0x1cf and value 0x7b01
02/24/26 05:53:33 PM - INFO : Configuring port_a with address 0x1d0 and value 0x2025
02/24/26 05:53:33 PM - INFO : Configuring port_a with address 0x1d1 and value 0x3
02/24/26 05:53:33 PM - INFO : Configuring port_a with address 0x1d2 and value 0x6e10
02/24/26 05:53:33 PM - INFO : Configuring port_a with address 0x1d3 and value 0x6e10
02/24/26 05:53:33 PM - INFO : Configuring port_a with address 0x1d4 and value 0x2025
02/24/26 05:53:33 PM - INFO : Configuring port_a with address 0x1d5 and value 0x4
02/24/26 05:53:33 PM - INFO : Configuring port_a with address 0x1d6 and value 0x7b1b
02/24/26 05:53:33 PM - INFO : Configuring port_a with address 0x1d7 and value 0x7b1b
02/24/26 05:53:33 PM - INFO : Configuring port_a with address 0x1d8 and value 0x2025
02/24/26 05:53:33 PM - INFO : Configuring port_a with address 0x1d9 and value 0x4
02/24/26 05:53:33 PM - INFO : Configuring port_a with address 0x1da and value 0x6e27
02/24/26 05:53:33 PM - INFO : Configuring port_a with address 0x1db and value 0x6e27
02/24/26 05:53:33 PM - INFO : Configuring port_a with address 0x1dc and value 0x2025
02/24/26 05:53:33 PM - INFO : Configuring port_a with address 0x1dd and value 0x2
02/24/26 05:53:33 PM - INFO : Configuring port_a with address 0x1de and value 0x7647
02/24/26 05:53:33 PM - INFO : Configuring port_a with address 0x1df and value 0x7647
02/24/26 05:53:33 PM - INFO : Configuring port_a with address 0x1e0 and value 0x2025
02/24/26 05:53:33 PM - INFO : Configuring port_a with address 0x1e1 and value 0x2
02/24/26 05:53:33 PM - INFO : Configuring port_a with address 0x1e2 and value 0x69d5
02/24/26 05:53:33 PM - INFO : Configuring port_a with address 0x1e3 and value 0x69d5
02/24/26 05:53:33 PM - INFO : Configuring port_a with address 0x1e4 and value 0x2025
02/24/26 05:53:33 PM - INFO : Configuring port_a with address 0x1e5 and value 0x3
02/24/26 05:53:33 PM - INFO : Configuring port_a with address 0x1e6 and value 0x7e44
02/24/26 05:53:33 PM - INFO : Configuring port_a with address 0x1e7 and value 0x7e44
02/24/26 05:53:33 PM - INFO : Configuring port_a with address 0x1e8 and value 0x2025
02/24/26 05:53:33 PM - INFO : Configuring port_a with address 0x1e9 and value 0x3
02/24/26 05:53:33 PM - INFO : Configuring port_a with address 0x1ea and value 0x70fc
02/24/26 05:53:33 PM - INFO : Configuring port_a with address 0x1eb and value 0x70fc
02/24/26 05:53:33 PM - INFO : Configuring port_a with address 0x1ec and value 0x2025
02/24/26 05:53:33 PM - INFO : Configuring port_a with address 0x1ed and value 0x4
02/24/26 05:53:33 PM - INFO : Configuring port_a with address 0x1ee and value 0x7e5f
02/24/26 05:53:33 PM - INFO : Configuring port_a with address 0x1ef and value 0x7e5f
02/24/26 05:53:33 PM - INFO : Configuring port_a with address 0x1f0 and value 0x2025
02/24/26 05:53:33 PM - INFO : Configuring port_a with address 0x1f1 and value 0x4
02/24/26 05:53:33 PM - INFO : Configuring port_a with address 0x1f2 and value 0x7113
02/24/26 05:53:33 PM - INFO : Configuring port_a with address 0x1f3 and value 0x7113
02/24/26 05:53:33 PM - INFO : Configuring port_a with address 0x1f4 and value 0x2025
02/24/26 05:53:33 PM - INFO : Configuring port_a with address 0x1f5 and value 0x2
02/24/26 05:53:33 PM - INFO : Configuring port_a with address 0x1f6 and value 0x796b
02/24/26 05:53:33 PM - INFO : Configuring port_a with address 0x1f7 and value 0x796b
02/24/26 05:53:33 PM - INFO : Configuring port_a with address 0x1f8 and value 0x2025
02/24/26 05:53:33 PM - INFO : Configuring port_a with address 0x1f9 and value 0x2
02/24/26 05:53:33 PM - INFO : Configuring port_a with address 0x1fa and value 0x6ca4
02/24/26 05:53:33 PM - INFO : Configuring port_a with address 0x1fb and value 0x6ca4
02/24/26 05:53:33 PM - INFO : Configuring port_a with address 0x1fc and value 0x2025
02/24/26 05:53:33 PM - INFO : Configuring port_a with address 0x1fd and value 0x2
02/24/26 05:53:33 PM - INFO : Configuring port_a with address 0x1fe and value 0x6136
02/24/26 05:53:33 PM - INFO : Configuring port_a with address 0x1ff and value 0x6136
02/24/26 05:53:33 PM - INFO : Configuring port_a with address 0x200 and value 0x2025
02/24/26 05:53:33 PM - INFO : Configuring port_a with address 0x201 and value 0x3
02/24/26 05:53:33 PM - INFO : Configuring port_a with address 0x202 and value 0x73fb
02/24/26 05:53:33 PM - INFO : Configuring port_a with address 0x203 and value 0x73fb
02/24/26 05:53:33 PM - INFO : Configuring port_a with address 0x204 and value 0x2025
02/24/26 05:53:33 PM - INFO : Configuring port_a with address 0x205 and value 0x3
02/24/26 05:53:33 PM - INFO : Configuring port_a with address 0x206 and value 0x67c7
02/24/26 05:53:33 PM - INFO : Configuring port_a with address 0x207 and value 0x67c7
02/24/26 05:53:33 PM - INFO : Configuring port_a with address 0x208 and value 0x2025
02/24/26 05:53:33 PM - INFO : Configuring port_a with address 0x209 and value 0x4
02/24/26 05:53:33 PM - INFO : Configuring port_a with address 0x20a and value 0x7414
02/24/26 05:53:33 PM - INFO : Configuring port_a with address 0x20b and value 0x7414
02/24/26 05:53:33 PM - INFO : Configuring port_a with address 0x20c and value 0x2025
02/24/26 05:53:33 PM - INFO : Configuring port_a with address 0x20d and value 0x2
02/24/26 05:53:33 PM - INFO : Configuring port_a with address 0x20e and value 0x7ca3
02/24/26 05:53:33 PM - INFO : Configuring port_a with address 0x20f and value 0x7ca3
02/24/26 05:53:33 PM - INFO : Configuring port_a with address 0x210 and value 0x2025
02/24/26 05:53:42 PM - INFO : Board reset in mode: internal
02/24/26 05:53:49 PM - INFO : Monitoring for a duration of 11 seconds
02/24/26 05:53:49 PM - INFO : Timestamp reset
02/24/26 05:53:49 PM - INFO : Starting monitoring - USB buffer: 0.06 MB
02/24/26 05:54:00 PM - INFO : Duration limit reached: 11.21 seconds
02/24/26 05:54:00 PM - INFO : Monitoring completed: 11.33 seconds, 10805248 spikes captured
02/24/26 05:54:00 PM - INFO : Input 0: 10805248 spikes
02/24/26 05:54:00 PM - INFO : Input 1: 0 spikes
02/24/26 05:54:00 PM - INFO : Input 2: 0 spikes
02/24/26 05:54:00 PM - INFO : Creating spike files for all selected inputs
02/24/26 05:54:01 PM - INFO : === DATA INTEGRITY CHECK ===
02/24/26 05:54:02 PM - INFO : \--- Input port_a ---
02/24/26 05:54:02 PM - INFO : Total spikes: 10805248
02/24/26 05:54:02 PM - INFO : Timestamp range (ticks): 689715535 - 1802484714
02/24/26 05:54:02 PM - INFO : Timestamp range (µs): 6897155.35 - 18024847.14
02/24/26 05:54:02 PM - INFO : Duration (ms): 11127.69
02/24/26 05:54:02 PM - INFO : Address range: 0 - 255
02/24/26 05:54:02 PM - INFO : Timestamp deltas (ns): mean=1029.8, median=450.0, max=487250.0
02/24/26 05:54:02 PM - INFO : Expected delta for sequential scan: ~240ns (24 ticks @ 10ns)
02/24/26 05:54:02 PM - INFO : Event rate: 971023 spikes/sec
02/24/26 05:54:02 PM - INFO : Unique addresses: 256
02/24/26 05:54:02 PM - INFO : Address range: 0 to 255
02/24/26 05:54:02 PM - INFO : Top 10 addresses by count:
02/24/26 05:54:02 PM - INFO :   Address 148: 84749 events
02/24/26 05:54:02 PM - INFO :   Address 149: 84640 events
02/24/26 05:54:02 PM - INFO :   Address 152: 84520 events
02/24/26 05:54:02 PM - INFO :   Address 153: 84272 events
02/24/26 05:54:02 PM - INFO :   Address 150: 84066 events
02/24/26 05:54:02 PM - INFO :   Address 155: 83897 events
02/24/26 05:54:02 PM - INFO :   Address 24: 83897 events
02/24/26 05:54:02 PM - INFO :   Address 151: 83878 events
02/24/26 05:54:02 PM - INFO :   Address 25: 83853 events
02/24/26 05:54:02 PM - INFO :   Address 22: 83831 events
02/24/26 05:54:02 PM - INFO : === END DATA INTEGRITY CHECK ===
02/24/26 05:54:02 PM - INFO : Plotting the spikegram for input port_a
02/24/26 05:54:03 PM - INFO : Plotting the sonogram for input port_a
02/24/26 05:54:03 PM - INFO : Plotting the histogram for input port_a
02/24/26 05:54:04 PM - INFO : Plotting the average activity for input port_a
